2022-12-21 11:12:13 INFO  HomePage :109 - Click on My Account link[[ChromeDriver: chrome on WINDOWS (4e825192f8ff850aefb0bed2af479bb3)] -> xpath: //span[contains(text(),'My Account')]]
2022-12-21 11:12:539 INFO  LoginPage :31 - Verify the Login Page name[[ChromeDriver: chrome on WINDOWS (4e825192f8ff850aefb0bed2af479bb3)] -> xpath: //h2[contains(text(),'Returning Customer')]]
2022-12-21 11:12:997 INFO  HomePage :109 - Click on My Account link[[ChromeDriver: chrome on WINDOWS (ad0c0f88e1809897981aa0750525d73c)] -> xpath: //span[contains(text(),'My Account')]]
2022-12-21 11:12:633 INFO  RegisterPage :63 - Enter the first name in the First name field[[ChromeDriver: chrome on WINDOWS (ad0c0f88e1809897981aa0750525d73c)] -> id: input-firstname]
2022-12-21 11:12:714 INFO  RegisterPage :68 - Enter the last name in the last name field[[ChromeDriver: chrome on WINDOWS (ad0c0f88e1809897981aa0750525d73c)] -> id: input-lastname]
2022-12-21 11:12:782 INFO  RegisterPage :73 - Enter the email address in the email address field[[ChromeDriver: chrome on WINDOWS (ad0c0f88e1809897981aa0750525d73c)] -> id: input-email]
2022-12-21 11:12:881 INFO  RegisterPage :78 - Enter the Telephone no in the Phone no field[[ChromeDriver: chrome on WINDOWS (ad0c0f88e1809897981aa0750525d73c)] -> id: input-telephone]
2022-12-21 11:12:964 INFO  RegisterPage :83 - Enter the password in the Password field[[ChromeDriver: chrome on WINDOWS (ad0c0f88e1809897981aa0750525d73c)] -> id: input-password]
2022-12-21 11:12:48 INFO  RegisterPage :88 - Enter the confirm password in the Confirm Password field[[ChromeDriver: chrome on WINDOWS (ad0c0f88e1809897981aa0750525d73c)] -> id: input-confirm]
2022-12-21 11:12:138 INFO  RegisterPage :93 - Select the Radio button to subscribe[[[ChromeDriver: chrome on WINDOWS (ad0c0f88e1809897981aa0750525d73c)] -> xpath: //fieldset[3]//input], [[ChromeDriver: chrome on WINDOWS (ad0c0f88e1809897981aa0750525d73c)] -> xpath: //fieldset[3]//input]]
2022-12-21 11:12:182 INFO  RegisterPage :104 - Click on privacy policy checkbox[[ChromeDriver: chrome on WINDOWS (ad0c0f88e1809897981aa0750525d73c)] -> xpath: //div[@class = 'buttons']//input[@name='agree']]
2022-12-21 11:12:255 INFO  RegisterPage :109 - Click on continue ToRegister[[ChromeDriver: chrome on WINDOWS (ad0c0f88e1809897981aa0750525d73c)] -> xpath: //div[@class = 'buttons']//input[@value='Continue']]
2022-12-21 11:12:437 INFO  AccountPage :40 - Click on continue to navigate to the account[[ChromeDriver: chrome on WINDOWS (ad0c0f88e1809897981aa0750525d73c)] -> xpath: //a[contains(text(),'Continue')]]
2022-12-21 11:12:790 INFO  HomePage :109 - Click on My Account link[[ChromeDriver: chrome on WINDOWS (ad0c0f88e1809897981aa0750525d73c)] -> xpath: //span[contains(text(),'My Account')]]
2022-12-21 11:12:458 INFO  AccountPage :50 - Click on continue to navigate to the homepage[[ChromeDriver: chrome on WINDOWS (ad0c0f88e1809897981aa0750525d73c)] -> xpath: //a[contains(text(),'Continue')]]
2022-12-21 11:12:875 INFO  HomePage :109 - Click on My Account link[[ChromeDriver: chrome on WINDOWS (ad0c0f88e1809897981aa0750525d73c)] -> xpath: //span[contains(text(),'My Account')]]
2022-12-21 11:12:295 INFO  LoginPage :36 - Enter the email address in the email address field[[ChromeDriver: chrome on WINDOWS (ad0c0f88e1809897981aa0750525d73c)] -> id: input-email]
2022-12-21 11:12:394 INFO  LoginPage :41 - Enter the password in the password field[[ChromeDriver: chrome on WINDOWS (ad0c0f88e1809897981aa0750525d73c)] -> id: input-password]
2022-12-21 11:12:465 INFO  LoginPage :46 - Click on the Login button[[ChromeDriver: chrome on WINDOWS (ad0c0f88e1809897981aa0750525d73c)] -> xpath: //form[contains(@action,'login')]//input[@type='submit']]
2022-12-21 11:12:45 INFO  AccountPage :55 - Verify My Account page name[[ChromeDriver: chrome on WINDOWS (ad0c0f88e1809897981aa0750525d73c)] -> xpath: //h2[contains(text(),'My Account')]]
2022-12-21 11:12:95 INFO  HomePage :109 - Click on My Account link[[ChromeDriver: chrome on WINDOWS (ad0c0f88e1809897981aa0750525d73c)] -> xpath: //span[contains(text(),'My Account')]]
2022-12-21 11:12:792 INFO  AccountPage :45 - Verify Account is Logged out Text[[ChromeDriver: chrome on WINDOWS (ad0c0f88e1809897981aa0750525d73c)] -> xpath: //h1[contains(text(),'Account Logout')]]
2022-12-21 11:12:836 INFO  AccountPage :50 - Click on continue to navigate to the homepage[[ChromeDriver: chrome on WINDOWS (ad0c0f88e1809897981aa0750525d73c)] -> xpath: //a[contains(text(),'Continue')]]
2022-12-21 11:12:511 INFO  HomePage :59 - Hover the mouse on Desktops tab and click[[ChromeDriver: chrome on WINDOWS (4a0c85f7c7eaab2ef6e2754b13ab5e10)] -> link text: Desktops]
2022-12-21 11:12:699 INFO  HomePage :64 - Select show all desktops from drop down[[[ChromeDriver: chrome on WINDOWS (4a0c85f7c7eaab2ef6e2754b13ab5e10)] -> link text: Show All Desktops]]
2022-12-21 11:12:552 INFO  DesktopPage :69 - Get a list of all products listed under desktops[[[ChromeDriver: chrome on WINDOWS (4a0c85f7c7eaab2ef6e2754b13ab5e10)] -> xpath: //h4/a], [[ChromeDriver: chrome on WINDOWS (4a0c85f7c7eaab2ef6e2754b13ab5e10)] -> xpath: //h4/a], [[ChromeDriver: chrome on WINDOWS (4a0c85f7c7eaab2ef6e2754b13ab5e10)] -> xpath: //h4/a], [[ChromeDriver: chrome on WINDOWS (4a0c85f7c7eaab2ef6e2754b13ab5e10)] -> xpath: //h4/a], [[ChromeDriver: chrome on WINDOWS (4a0c85f7c7eaab2ef6e2754b13ab5e10)] -> xpath: //h4/a], [[ChromeDriver: chrome on WINDOWS (4a0c85f7c7eaab2ef6e2754b13ab5e10)] -> xpath: //h4/a], [[ChromeDriver: chrome on WINDOWS (4a0c85f7c7eaab2ef6e2754b13ab5e10)] -> xpath: //h4/a], [[ChromeDriver: chrome on WINDOWS (4a0c85f7c7eaab2ef6e2754b13ab5e10)] -> xpath: //h4/a], [[ChromeDriver: chrome on WINDOWS (4a0c85f7c7eaab2ef6e2754b13ab5e10)] -> xpath: //h4/a], [[ChromeDriver: chrome on WINDOWS (4a0c85f7c7eaab2ef6e2754b13ab5e10)] -> xpath: //h4/a], [[ChromeDriver: chrome on WINDOWS (4a0c85f7c7eaab2ef6e2754b13ab5e10)] -> xpath: //h4/a], [[ChromeDriver: chrome on WINDOWS (4a0c85f7c7eaab2ef6e2754b13ab5e10)] -> xpath: //h4/a]]
2022-12-21 11:12:714 INFO  DesktopPage :69 - Get a list of all products listed under desktops[[[ChromeDriver: chrome on WINDOWS (4a0c85f7c7eaab2ef6e2754b13ab5e10)] -> xpath: //h4/a], [[ChromeDriver: chrome on WINDOWS (4a0c85f7c7eaab2ef6e2754b13ab5e10)] -> xpath: //h4/a], [[ChromeDriver: chrome on WINDOWS (4a0c85f7c7eaab2ef6e2754b13ab5e10)] -> xpath: //h4/a], [[ChromeDriver: chrome on WINDOWS (4a0c85f7c7eaab2ef6e2754b13ab5e10)] -> xpath: //h4/a], [[ChromeDriver: chrome on WINDOWS (4a0c85f7c7eaab2ef6e2754b13ab5e10)] -> xpath: //h4/a], [[ChromeDriver: chrome on WINDOWS (4a0c85f7c7eaab2ef6e2754b13ab5e10)] -> xpath: //h4/a], [[ChromeDriver: chrome on WINDOWS (4a0c85f7c7eaab2ef6e2754b13ab5e10)] -> xpath: //h4/a], [[ChromeDriver: chrome on WINDOWS (4a0c85f7c7eaab2ef6e2754b13ab5e10)] -> xpath: //h4/a], [[ChromeDriver: chrome on WINDOWS (4a0c85f7c7eaab2ef6e2754b13ab5e10)] -> xpath: //h4/a], [[ChromeDriver: chrome on WINDOWS (4a0c85f7c7eaab2ef6e2754b13ab5e10)] -> xpath: //h4/a], [[ChromeDriver: chrome on WINDOWS (4a0c85f7c7eaab2ef6e2754b13ab5e10)] -> xpath: //h4/a], [[ChromeDriver: chrome on WINDOWS (4a0c85f7c7eaab2ef6e2754b13ab5e10)] -> xpath: //h4/a]]
2022-12-21 11:12:826 INFO  DesktopPage :69 - Get a list of all products listed under desktops[[[ChromeDriver: chrome on WINDOWS (4a0c85f7c7eaab2ef6e2754b13ab5e10)] -> xpath: //h4/a], [[ChromeDriver: chrome on WINDOWS (4a0c85f7c7eaab2ef6e2754b13ab5e10)] -> xpath: //h4/a], [[ChromeDriver: chrome on WINDOWS (4a0c85f7c7eaab2ef6e2754b13ab5e10)] -> xpath: //h4/a], [[ChromeDriver: chrome on WINDOWS (4a0c85f7c7eaab2ef6e2754b13ab5e10)] -> xpath: //h4/a], [[ChromeDriver: chrome on WINDOWS (4a0c85f7c7eaab2ef6e2754b13ab5e10)] -> xpath: //h4/a], [[ChromeDriver: chrome on WINDOWS (4a0c85f7c7eaab2ef6e2754b13ab5e10)] -> xpath: //h4/a], [[ChromeDriver: chrome on WINDOWS (4a0c85f7c7eaab2ef6e2754b13ab5e10)] -> xpath: //h4/a], [[ChromeDriver: chrome on WINDOWS (4a0c85f7c7eaab2ef6e2754b13ab5e10)] -> xpath: //h4/a], [[ChromeDriver: chrome on WINDOWS (4a0c85f7c7eaab2ef6e2754b13ab5e10)] -> xpath: //h4/a], [[ChromeDriver: chrome on WINDOWS (4a0c85f7c7eaab2ef6e2754b13ab5e10)] -> xpath: //h4/a], [[ChromeDriver: chrome on WINDOWS (4a0c85f7c7eaab2ef6e2754b13ab5e10)] -> xpath: //h4/a], [[ChromeDriver: chrome on WINDOWS (4a0c85f7c7eaab2ef6e2754b13ab5e10)] -> xpath: //h4/a]]
2022-12-21 11:12:946 INFO  DesktopPage :81 - Get a list of all products listed under desktops by Name Z to A[[[ChromeDriver: chrome on WINDOWS (4a0c85f7c7eaab2ef6e2754b13ab5e10)] -> xpath: //h4/a], [[ChromeDriver: chrome on WINDOWS (4a0c85f7c7eaab2ef6e2754b13ab5e10)] -> xpath: //h4/a], [[ChromeDriver: chrome on WINDOWS (4a0c85f7c7eaab2ef6e2754b13ab5e10)] -> xpath: //h4/a], [[ChromeDriver: chrome on WINDOWS (4a0c85f7c7eaab2ef6e2754b13ab5e10)] -> xpath: //h4/a], [[ChromeDriver: chrome on WINDOWS (4a0c85f7c7eaab2ef6e2754b13ab5e10)] -> xpath: //h4/a], [[ChromeDriver: chrome on WINDOWS (4a0c85f7c7eaab2ef6e2754b13ab5e10)] -> xpath: //h4/a], [[ChromeDriver: chrome on WINDOWS (4a0c85f7c7eaab2ef6e2754b13ab5e10)] -> xpath: //h4/a], [[ChromeDriver: chrome on WINDOWS (4a0c85f7c7eaab2ef6e2754b13ab5e10)] -> xpath: //h4/a], [[ChromeDriver: chrome on WINDOWS (4a0c85f7c7eaab2ef6e2754b13ab5e10)] -> xpath: //h4/a], [[ChromeDriver: chrome on WINDOWS (4a0c85f7c7eaab2ef6e2754b13ab5e10)] -> xpath: //h4/a], [[ChromeDriver: chrome on WINDOWS (4a0c85f7c7eaab2ef6e2754b13ab5e10)] -> xpath: //h4/a], [[ChromeDriver: chrome on WINDOWS (4a0c85f7c7eaab2ef6e2754b13ab5e10)] -> xpath: //h4/a]]
2022-12-21 11:12:357 INFO  HomePage :89 - Click on currency tab[[ChromeDriver: chrome on WINDOWS (c1b1b12fe4585114b22c603064d223b6)] -> xpath: //span[contains(text(),'Currency')]]
2022-12-21 11:12:371 INFO  HomePage :90 - Change the currency[[[ChromeDriver: chrome on WINDOWS (c1b1b12fe4585114b22c603064d223b6)] -> xpath: //ul[@class = 'dropdown-menu']/li], [[ChromeDriver: chrome on WINDOWS (c1b1b12fe4585114b22c603064d223b6)] -> xpath: //ul[@class = 'dropdown-menu']/li], [[ChromeDriver: chrome on WINDOWS (c1b1b12fe4585114b22c603064d223b6)] -> xpath: //ul[@class = 'dropdown-menu']/li]]
2022-12-21 11:12:73 INFO  HomePage :59 - Hover the mouse on Desktops tab and click[[ChromeDriver: chrome on WINDOWS (c1b1b12fe4585114b22c603064d223b6)] -> link text: Desktops]
2022-12-21 11:12:222 INFO  HomePage :64 - Select show all desktops from drop down[[[ChromeDriver: chrome on WINDOWS (c1b1b12fe4585114b22c603064d223b6)] -> link text: Show All Desktops]]
2022-12-21 11:12:478 INFO  DesktopPage :100 - Select Hp product[[ChromeDriver: chrome on WINDOWS (c1b1b12fe4585114b22c603064d223b6)] -> xpath: //a[contains(text(),'HP LP3065')]]
2022-12-21 11:12:990 INFO  DesktopPage :105 - Verify the name of the Hp product[[ChromeDriver: chrome on WINDOWS (c1b1b12fe4585114b22c603064d223b6)] -> xpath: //h1[contains(text(),'HP LP3065')]]
2022-12-21 11:12:38 INFO  DesktopPage :110 - Click on calendar to select date[[ChromeDriver: chrome on WINDOWS (c1b1b12fe4585114b22c603064d223b6)] -> xpath: //div[@class = 'input-group date']//button]
2022-12-21 11:12:49 INFO  DesktopPage :111 - Click on month year tag[[ChromeDriver: chrome on WINDOWS (c1b1b12fe4585114b22c603064d223b6)] -> xpath: //div[@class = 'datepicker']/div[1]//th[@class='picker-switch']]
2022-12-21 11:12:61 INFO  DesktopPage :112 - Click on next arrow to select month and year[[ChromeDriver: chrome on WINDOWS (c1b1b12fe4585114b22c603064d223b6)] -> xpath: //div[@class = 'datepicker']/div[1]//th[@class='next']]
2022-12-21 11:12:78 INFO  DesktopPage :113 - Select dates to pick the date of choice[[[ChromeDriver: chrome on WINDOWS (c1b1b12fe4585114b22c603064d223b6)] -> xpath: //div[@class = 'datepicker']/div[1]//tbody/tr/td[@class = 'day']], [[ChromeDriver: chrome on WINDOWS (c1b1b12fe4585114b22c603064d223b6)] -> xpath: //div[@class = 'datepicker']/div[1]//tbody/tr/td[@class = 'day']], [[ChromeDriver: chrome on WINDOWS (c1b1b12fe4585114b22c603064d223b6)] -> xpath: //div[@class = 'datepicker']/div[1]//tbody/tr/td[@class = 'day']], [[ChromeDriver: chrome on WINDOWS (c1b1b12fe4585114b22c603064d223b6)] -> xpath: //div[@class = 'datepicker']/div[1]//tbody/tr/td[@class = 'day']], [[ChromeDriver: chrome on WINDOWS (c1b1b12fe4585114b22c603064d223b6)] -> xpath: //div[@class = 'datepicker']/div[1]//tbody/tr/td[@class = 'day']], [[ChromeDriver: chrome on WINDOWS (c1b1b12fe4585114b22c603064d223b6)] -> xpath: //div[@class = 'datepicker']/div[1]//tbody/tr/td[@class = 'day']], [[ChromeDriver: chrome on WINDOWS (c1b1b12fe4585114b22c603064d223b6)] -> xpath: //div[@class = 'datepicker']/div[1]//tbody/tr/td[@class = 'day']], [[ChromeDriver: chrome on WINDOWS (c1b1b12fe4585114b22c603064d223b6)] -> xpath: //div[@class = 'datepicker']/div[1]//tbody/tr/td[@class = 'day']], [[ChromeDriver: chrome on WINDOWS (c1b1b12fe4585114b22c603064d223b6)] -> xpath: //div[@class = 'datepicker']/div[1]//tbody/tr/td[@class = 'day']], [[ChromeDriver: chrome on WINDOWS (c1b1b12fe4585114b22c603064d223b6)] -> xpath: //div[@class = 'datepicker']/div[1]//tbody/tr/td[@class = 'day']], [[ChromeDriver: chrome on WINDOWS (c1b1b12fe4585114b22c603064d223b6)] -> xpath: //div[@class = 'datepicker']/div[1]//tbody/tr/td[@class = 'day']], [[ChromeDriver: chrome on WINDOWS (c1b1b12fe4585114b22c603064d223b6)] -> xpath: //div[@class = 'datepicker']/div[1]//tbody/tr/td[@class = 'day']], [[ChromeDriver: chrome on WINDOWS (c1b1b12fe4585114b22c603064d223b6)] -> xpath: //div[@class = 'datepicker']/div[1]//tbody/tr/td[@class = 'day']], [[ChromeDriver: chrome on WINDOWS (c1b1b12fe4585114b22c603064d223b6)] -> xpath: //div[@class = 'datepicker']/div[1]//tbody/tr/td[@class = 'day']], [[ChromeDriver: chrome on WINDOWS (c1b1b12fe4585114b22c603064d223b6)] -> xpath: //div[@class = 'datepicker']/div[1]//tbody/tr/td[@class = 'day']], [[ChromeDriver: chrome on WINDOWS (c1b1b12fe4585114b22c603064d223b6)] -> xpath: //div[@class = 'datepicker']/div[1]//tbody/tr/td[@class = 'day']], [[ChromeDriver: chrome on WINDOWS (c1b1b12fe4585114b22c603064d223b6)] -> xpath: //div[@class = 'datepicker']/div[1]//tbody/tr/td[@class = 'day']], [[ChromeDriver: chrome on WINDOWS (c1b1b12fe4585114b22c603064d223b6)] -> xpath: //div[@class = 'datepicker']/div[1]//tbody/tr/td[@class = 'day']], [[ChromeDriver: chrome on WINDOWS (c1b1b12fe4585114b22c603064d223b6)] -> xpath: //div[@class = 'datepicker']/div[1]//tbody/tr/td[@class = 'day']], [[ChromeDriver: chrome on WINDOWS (c1b1b12fe4585114b22c603064d223b6)] -> xpath: //div[@class = 'datepicker']/div[1]//tbody/tr/td[@class = 'day']], [[ChromeDriver: chrome on WINDOWS (c1b1b12fe4585114b22c603064d223b6)] -> xpath: //div[@class = 'datepicker']/div[1]//tbody/tr/td[@class = 'day']], [[ChromeDriver: chrome on WINDOWS (c1b1b12fe4585114b22c603064d223b6)] -> xpath: //div[@class = 'datepicker']/div[1]//tbody/tr/td[@class = 'day']], [[ChromeDriver: chrome on WINDOWS (c1b1b12fe4585114b22c603064d223b6)] -> xpath: //div[@class = 'datepicker']/div[1]//tbody/tr/td[@class = 'day']], [[ChromeDriver: chrome on WINDOWS (c1b1b12fe4585114b22c603064d223b6)] -> xpath: //div[@class = 'datepicker']/div[1]//tbody/tr/td[@class = 'day']], [[ChromeDriver: chrome on WINDOWS (c1b1b12fe4585114b22c603064d223b6)] -> xpath: //div[@class = 'datepicker']/div[1]//tbody/tr/td[@class = 'day']], [[ChromeDriver: chrome on WINDOWS (c1b1b12fe4585114b22c603064d223b6)] -> xpath: //div[@class = 'datepicker']/div[1]//tbody/tr/td[@class = 'day']], [[ChromeDriver: chrome on WINDOWS (c1b1b12fe4585114b22c603064d223b6)] -> xpath: //div[@class = 'datepicker']/div[1]//tbody/tr/td[@class = 'day']], [[ChromeDriver: chrome on WINDOWS (c1b1b12fe4585114b22c603064d223b6)] -> xpath: //div[@class = 'datepicker']/div[1]//tbody/tr/td[@class = 'day']], [[ChromeDriver: chrome on WINDOWS (c1b1b12fe4585114b22c603064d223b6)] -> xpath: //div[@class = 'datepicker']/div[1]//tbody/tr/td[@class = 'day']]]
2022-12-21 11:12:967 INFO  DesktopPage :137 - Click on add to cart[[ChromeDriver: chrome on WINDOWS (c1b1b12fe4585114b22c603064d223b6)] -> xpath: //button[@id='button-cart']]
2022-12-21 11:12:384 INFO  DesktopPage :142 - Verify Message confirming product added to shopping cart[[ChromeDriver: chrome on WINDOWS (c1b1b12fe4585114b22c603064d223b6)] -> css selector: body:nth-child(2) div.container:nth-child(4) > div.alert.alert-success.alert-dismissible]
2022-12-21 11:12:425 INFO  ShoppingCartPage :64 - Click on the shopping cart link in the success message[[ChromeDriver: chrome on WINDOWS (c1b1b12fe4585114b22c603064d223b6)] -> xpath: //a[contains(text(),'shopping cart')]]
2022-12-21 11:12:960 INFO  ShoppingCartPage :59 - Verify shopping cart page name[[ChromeDriver: chrome on WINDOWS (c1b1b12fe4585114b22c603064d223b6)] -> xpath: //div[@id='content']//h1]
2022-12-21 11:12:10 INFO  ShoppingCartPage :69 - Verify Hp product name[[ChromeDriver: chrome on WINDOWS (c1b1b12fe4585114b22c603064d223b6)] -> xpath: //div[@class = 'table-responsive']/table/tbody/tr/td[2]/a]
2022-12-21 11:12:39 INFO  ShoppingCartPage :74 - Verify the delivery date[[ChromeDriver: chrome on WINDOWS (c1b1b12fe4585114b22c603064d223b6)] -> xpath: //small[contains(text(),'Delivery Date: 2023-11-30')]]
2022-12-21 11:12:70 INFO  ShoppingCartPage :79 - Verify the Model of the selected product[[ChromeDriver: chrome on WINDOWS (c1b1b12fe4585114b22c603064d223b6)] -> xpath: //div[@class = 'table-responsive']/table/tbody/tr/td[3]]
2022-12-21 11:12:99 INFO  ShoppingCartPage :84 - Verify the total amount in the cart[[ChromeDriver: chrome on WINDOWS (c1b1b12fe4585114b22c603064d223b6)] -> xpath: //div[@class = 'table-responsive']/table/tbody/tr/td[6]]
2022-12-21 11:12:382 INFO  HomePage :69 - Hover the mouse on Laptops & Notebooks tab and click[[ChromeDriver: chrome on WINDOWS (a5b69b22ba777aa7ad4fefc4342dc810)] -> link text: Laptops & Notebooks]
2022-12-21 11:12:547 INFO  HomePage :74 - Select show all Laptops & Notebooks from drop down[[[ChromeDriver: chrome on WINDOWS (a5b69b22ba777aa7ad4fefc4342dc810)] -> link text: Show All Laptops & Notebooks]]
2022-12-21 11:12:145 INFO  LaptopsAndNotebooksPage :54 - Get a list of all products listed under Laptops and Notebooks[[[ChromeDriver: chrome on WINDOWS (a5b69b22ba777aa7ad4fefc4342dc810)] -> xpath: //p[@class ='price']], [[ChromeDriver: chrome on WINDOWS (a5b69b22ba777aa7ad4fefc4342dc810)] -> xpath: //p[@class ='price']], [[ChromeDriver: chrome on WINDOWS (a5b69b22ba777aa7ad4fefc4342dc810)] -> xpath: //p[@class ='price']], [[ChromeDriver: chrome on WINDOWS (a5b69b22ba777aa7ad4fefc4342dc810)] -> xpath: //p[@class ='price']], [[ChromeDriver: chrome on WINDOWS (a5b69b22ba777aa7ad4fefc4342dc810)] -> xpath: //p[@class ='price']]]
2022-12-21 11:12:279 INFO  LaptopsAndNotebooksPage :54 - Get a list of all products listed under Laptops and Notebooks[[[ChromeDriver: chrome on WINDOWS (a5b69b22ba777aa7ad4fefc4342dc810)] -> xpath: //p[@class ='price']], [[ChromeDriver: chrome on WINDOWS (a5b69b22ba777aa7ad4fefc4342dc810)] -> xpath: //p[@class ='price']], [[ChromeDriver: chrome on WINDOWS (a5b69b22ba777aa7ad4fefc4342dc810)] -> xpath: //p[@class ='price']], [[ChromeDriver: chrome on WINDOWS (a5b69b22ba777aa7ad4fefc4342dc810)] -> xpath: //p[@class ='price']], [[ChromeDriver: chrome on WINDOWS (a5b69b22ba777aa7ad4fefc4342dc810)] -> xpath: //p[@class ='price']]]
2022-12-21 11:12:366 INFO  LaptopsAndNotebooksPage :67 - Get a list of all products listed under Laptops and Notebooks by price[[[ChromeDriver: chrome on WINDOWS (a5b69b22ba777aa7ad4fefc4342dc810)] -> xpath: //p[@class ='price']], [[ChromeDriver: chrome on WINDOWS (a5b69b22ba777aa7ad4fefc4342dc810)] -> xpath: //p[@class ='price']], [[ChromeDriver: chrome on WINDOWS (a5b69b22ba777aa7ad4fefc4342dc810)] -> xpath: //p[@class ='price']], [[ChromeDriver: chrome on WINDOWS (a5b69b22ba777aa7ad4fefc4342dc810)] -> xpath: //p[@class ='price']], [[ChromeDriver: chrome on WINDOWS (a5b69b22ba777aa7ad4fefc4342dc810)] -> xpath: //p[@class ='price']]]
2022-12-21 11:12:321 INFO  HomePage :89 - Click on currency tab[[ChromeDriver: chrome on WINDOWS (8a880f2dec6ff803c1d3ab9613189371)] -> xpath: //span[contains(text(),'Currency')]]
2022-12-21 11:12:335 INFO  HomePage :90 - Change the currency[[[ChromeDriver: chrome on WINDOWS (8a880f2dec6ff803c1d3ab9613189371)] -> xpath: //ul[@class = 'dropdown-menu']/li], [[ChromeDriver: chrome on WINDOWS (8a880f2dec6ff803c1d3ab9613189371)] -> xpath: //ul[@class = 'dropdown-menu']/li], [[ChromeDriver: chrome on WINDOWS (8a880f2dec6ff803c1d3ab9613189371)] -> xpath: //ul[@class = 'dropdown-menu']/li]]
2022-12-21 11:12:24 INFO  HomePage :69 - Hover the mouse on Laptops & Notebooks tab and click[[ChromeDriver: chrome on WINDOWS (8a880f2dec6ff803c1d3ab9613189371)] -> link text: Laptops & Notebooks]
2022-12-21 11:12:209 INFO  HomePage :74 - Select show all Laptops & Notebooks from drop down[[[ChromeDriver: chrome on WINDOWS (8a880f2dec6ff803c1d3ab9613189371)] -> link text: Show All Laptops & Notebooks]]
2022-12-21 11:12:810 INFO  LaptopsAndNotebooksPage :80 - Select the sort by price tab[[ChromeDriver: chrome on WINDOWS (8a880f2dec6ff803c1d3ab9613189371)] -> id: input-sort]
2022-12-21 11:12:672 INFO  LaptopsAndNotebooksPage :85 - Click on the MacBook product[[ChromeDriver: chrome on WINDOWS (8a880f2dec6ff803c1d3ab9613189371)] -> link text: MacBook]
2022-12-21 11:12:524 INFO  LaptopsAndNotebooksPage :90 - Verify the MacBook product name[[ChromeDriver: chrome on WINDOWS (8a880f2dec6ff803c1d3ab9613189371)] -> xpath: //h1[contains(text(),'MacBook')]]
2022-12-21 11:12:553 INFO  LaptopsAndNotebooksPage :95 - Click on add to cart button[[ChromeDriver: chrome on WINDOWS (8a880f2dec6ff803c1d3ab9613189371)] -> xpath: //button[@id='button-cart']]
2022-12-21 11:12:812 INFO  LaptopsAndNotebooksPage :100 - Verify the product has been added to the cart[[ChromeDriver: chrome on WINDOWS (8a880f2dec6ff803c1d3ab9613189371)] -> css selector: body:nth-child(2) div.container:nth-child(4) > div.alert.alert-success.alert-dismissible]
2022-12-21 11:12:845 INFO  ShoppingCartPage :64 - Click on the shopping cart link in the success message[[ChromeDriver: chrome on WINDOWS (8a880f2dec6ff803c1d3ab9613189371)] -> xpath: //a[contains(text(),'shopping cart')]]
2022-12-21 11:12:263 INFO  ShoppingCartPage :59 - Verify shopping cart page name[[ChromeDriver: chrome on WINDOWS (8a880f2dec6ff803c1d3ab9613189371)] -> xpath: //div[@id='content']//h1]
2022-12-21 11:12:305 INFO  ShoppingCartPage :89 - Verify the MacBook product name[[ChromeDriver: chrome on WINDOWS (8a880f2dec6ff803c1d3ab9613189371)] -> xpath: //div[@class = 'table-responsive']/table/tbody/tr/td[2]/a]
2022-12-21 11:12:347 INFO  ShoppingCartPage :94 - Change the quantity of product to two in the cart[[ChromeDriver: chrome on WINDOWS (8a880f2dec6ff803c1d3ab9613189371)] -> xpath: //div[@class = 'table-responsive']/table/tbody/tr/td[3]]
2022-12-21 11:12:479 INFO  ShoppingCartPage :100 - Click to update the Quantity[[ChromeDriver: chrome on WINDOWS (8a880f2dec6ff803c1d3ab9613189371)] -> xpath: //button[contains(@data-original-title, 'Update')]]
2022-12-21 11:12:24 INFO  ShoppingCartPage :105 - Verify the quantity has been updated message[[ChromeDriver: chrome on WINDOWS (8a880f2dec6ff803c1d3ab9613189371)] -> xpath: //div[@id='checkout-cart']/div[1]]
2022-12-21 11:12:79 INFO  ShoppingCartPage :84 - Verify the total amount in the cart[[ChromeDriver: chrome on WINDOWS (8a880f2dec6ff803c1d3ab9613189371)] -> xpath: //div[@class = 'table-responsive']/table/tbody/tr/td[6]]
2022-12-21 11:12:105 INFO  ShoppingCartPage :110 - Click on checkout button[[ChromeDriver: chrome on WINDOWS (8a880f2dec6ff803c1d3ab9613189371)] -> xpath: //a[contains(text(),'Checkout')]]
2022-12-21 11:12:473 INFO  CheckOutPage :87 - Verify Checkout page name[[ChromeDriver: chrome on WINDOWS (8a880f2dec6ff803c1d3ab9613189371)] -> xpath: //h1[contains(text(),'Checkout')]]
2022-12-21 11:12:527 INFO  CheckOutPage :92 - Verify New Customer Text[[ChromeDriver: chrome on WINDOWS (8a880f2dec6ff803c1d3ab9613189371)] -> xpath: //h2[contains(text(),'New Customer')]]
2022-12-21 11:12:554 INFO  CheckOutPage :97 - Click on Guest Checkout Radio button[[ChromeDriver: chrome on WINDOWS (8a880f2dec6ff803c1d3ab9613189371)] -> xpath: //input[@value= 'guest']]
2022-12-21 11:12:605 INFO  CheckOutPage :102 - Click on New customer continue button[[ChromeDriver: chrome on WINDOWS (8a880f2dec6ff803c1d3ab9613189371)] -> id: button-account]
2022-12-21 11:12:854 INFO  CheckOutPage :107 - Enter first name in the first name field[[ChromeDriver: chrome on WINDOWS (8a880f2dec6ff803c1d3ab9613189371)] -> css selector: #input-payment-firstname]
2022-12-21 11:12:989 INFO  CheckOutPage :112 - Enter last name in the last name field[[ChromeDriver: chrome on WINDOWS (8a880f2dec6ff803c1d3ab9613189371)] -> css selector: #input-payment-lastname]
2022-12-21 11:12:177 INFO  CheckOutPage :117 - Enter first email in the email address field[[ChromeDriver: chrome on WINDOWS (8a880f2dec6ff803c1d3ab9613189371)] -> css selector: #input-payment-email]
2022-12-21 11:12:353 INFO  CheckOutPage :122 - Enter phone no in the phone no field[[ChromeDriver: chrome on WINDOWS (8a880f2dec6ff803c1d3ab9613189371)] -> css selector: #input-payment-telephone]
2022-12-21 11:12:437 INFO  CheckOutPage :127 - Enter first line of address in the address line 1 field[[ChromeDriver: chrome on WINDOWS (8a880f2dec6ff803c1d3ab9613189371)] -> css selector: #input-payment-address-1]
2022-12-21 11:12:543 INFO  CheckOutPage :132 - Enter city in the city name field[[ChromeDriver: chrome on WINDOWS (8a880f2dec6ff803c1d3ab9613189371)] -> css selector: #input-payment-city]
2022-12-21 11:12:637 INFO  CheckOutPage :137 - Enter post code in the post code field[[ChromeDriver: chrome on WINDOWS (8a880f2dec6ff803c1d3ab9613189371)] -> css selector: #input-payment-postcode]
2022-12-21 11:12:737 INFO  CheckOutPage :142 - Select country from the country field drop down menu[[ChromeDriver: chrome on WINDOWS (8a880f2dec6ff803c1d3ab9613189371)] -> xpath: //select[@id='input-payment-country']]
2022-12-21 11:12:798 INFO  CheckOutPage :147 - Select region from the region field drop down menu[[ChromeDriver: chrome on WINDOWS (8a880f2dec6ff803c1d3ab9613189371)] -> xpath: //select[@id='input-payment-zone']]
2022-12-21 11:12:895 INFO  CheckOutPage :152 - Click on continue as guest button[[ChromeDriver: chrome on WINDOWS (8a880f2dec6ff803c1d3ab9613189371)] -> css selector: #button-guest]
2022-12-21 11:12:328 INFO  CheckOutPage :157 - Enter comments in About your order box[[ChromeDriver: chrome on WINDOWS (8a880f2dec6ff803c1d3ab9613189371)] -> xpath: //textarea[@name = 'comment']]
2022-12-21 11:12:461 INFO  CheckOutPage :162 - Click on Terms and conditions checkbox[[ChromeDriver: chrome on WINDOWS (8a880f2dec6ff803c1d3ab9613189371)] -> xpath: //input[@type= 'checkbox']]
2022-12-21 11:12:598 INFO  CheckOutPage :167 - Click on continue button to proceed to payment[[ChromeDriver: chrome on WINDOWS (8a880f2dec6ff803c1d3ab9613189371)] -> css selector: #button-payment-method]
2022-12-21 11:12:930 INFO  CheckOutPage :172 - Verify payment warning message[[ChromeDriver: chrome on WINDOWS (8a880f2dec6ff803c1d3ab9613189371)] -> xpath: //div[@class='alert alert-danger alert-dismissible']]
2022-12-21 11:12:57 INFO  HomePage :109 - Click on My Account link[[ChromeDriver: chrome on WINDOWS (f30b89411cdfb452be4388377db6f7f1)] -> xpath: //span[contains(text(),'My Account')]]
2022-12-21 11:12:676 INFO  RegisterPage :58 - Verify the Register Page name[[ChromeDriver: chrome on WINDOWS (f30b89411cdfb452be4388377db6f7f1)] -> xpath: //h1[contains(text(),'Register Account')]]
2022-12-21 11:12:968 INFO  HomePage :109 - Click on My Account link[[ChromeDriver: chrome on WINDOWS (0e84f9f2f3da632883752ab9b79d50b8)] -> xpath: //span[contains(text(),'My Account')]]
2022-12-21 11:12:868 INFO  RegisterPage :63 - Enter the first name in the First name field[[ChromeDriver: chrome on WINDOWS (0e84f9f2f3da632883752ab9b79d50b8)] -> id: input-firstname]
2022-12-21 11:12:939 INFO  RegisterPage :68 - Enter the last name in the last name field[[ChromeDriver: chrome on WINDOWS (0e84f9f2f3da632883752ab9b79d50b8)] -> id: input-lastname]
2022-12-21 11:12:15 INFO  RegisterPage :73 - Enter the email address in the email address field[[ChromeDriver: chrome on WINDOWS (0e84f9f2f3da632883752ab9b79d50b8)] -> id: input-email]
2022-12-21 11:12:96 INFO  RegisterPage :78 - Enter the Telephone no in the Phone no field[[ChromeDriver: chrome on WINDOWS (0e84f9f2f3da632883752ab9b79d50b8)] -> id: input-telephone]
2022-12-21 11:12:172 INFO  RegisterPage :83 - Enter the password in the Password field[[ChromeDriver: chrome on WINDOWS (0e84f9f2f3da632883752ab9b79d50b8)] -> id: input-password]
2022-12-21 11:12:245 INFO  RegisterPage :88 - Enter the confirm password in the Confirm Password field[[ChromeDriver: chrome on WINDOWS (0e84f9f2f3da632883752ab9b79d50b8)] -> id: input-confirm]
2022-12-21 11:12:332 INFO  RegisterPage :93 - Select the Radio button to subscribe[[[ChromeDriver: chrome on WINDOWS (0e84f9f2f3da632883752ab9b79d50b8)] -> xpath: //fieldset[3]//input], [[ChromeDriver: chrome on WINDOWS (0e84f9f2f3da632883752ab9b79d50b8)] -> xpath: //fieldset[3]//input]]
2022-12-21 11:12:368 INFO  RegisterPage :104 - Click on privacy policy checkbox[[ChromeDriver: chrome on WINDOWS (0e84f9f2f3da632883752ab9b79d50b8)] -> xpath: //div[@class = 'buttons']//input[@name='agree']]
2022-12-21 11:12:422 INFO  RegisterPage :109 - Click on continue ToRegister[[ChromeDriver: chrome on WINDOWS (0e84f9f2f3da632883752ab9b79d50b8)] -> xpath: //div[@class = 'buttons']//input[@value='Continue']]
2022-12-21 11:12:463 INFO  AccountPage :35 - Verify Account is Created Text[[ChromeDriver: chrome on WINDOWS (0e84f9f2f3da632883752ab9b79d50b8)] -> xpath: //h1[contains(text(),'Your Account Has Been Created!')]]
2022-12-21 11:12:503 INFO  AccountPage :40 - Click on continue to navigate to the account[[ChromeDriver: chrome on WINDOWS (0e84f9f2f3da632883752ab9b79d50b8)] -> xpath: //a[contains(text(),'Continue')]]
2022-12-21 11:12:815 INFO  HomePage :109 - Click on My Account link[[ChromeDriver: chrome on WINDOWS (0e84f9f2f3da632883752ab9b79d50b8)] -> xpath: //span[contains(text(),'My Account')]]
2022-12-21 11:12:459 INFO  AccountPage :45 - Verify Account is Logged out Text[[ChromeDriver: chrome on WINDOWS (0e84f9f2f3da632883752ab9b79d50b8)] -> xpath: //h1[contains(text(),'Account Logout')]]
2022-12-21 11:12:503 INFO  AccountPage :50 - Click on continue to navigate to the homepage[[ChromeDriver: chrome on WINDOWS (0e84f9f2f3da632883752ab9b79d50b8)] -> xpath: //a[contains(text(),'Continue')]]
2022-12-21 11:12:78 INFO  HomePage :59 - Hover the mouse on Desktops tab and click[[ChromeDriver: chrome on WINDOWS (de459376edf036d5a001b62869f882c5)] -> link text: Desktops]
2022-12-21 11:12:308 INFO  HomePage :64 - Select show all desktops from drop down[[[ChromeDriver: chrome on WINDOWS (de459376edf036d5a001b62869f882c5)] -> link text: Show All Desktops]]
2022-12-21 11:12:104 INFO  DesktopPage :64 - Verify the Desktop page name[[ChromeDriver: chrome on WINDOWS (de459376edf036d5a001b62869f882c5)] -> xpath: //h2[contains(text(),'Desktops')]]
2022-12-21 11:12:301 INFO  HomePage :69 - Hover the mouse on Laptops & Notebooks tab and click[[ChromeDriver: chrome on WINDOWS (28fde891e5d66164e862ead9831c7cb8)] -> link text: Laptops & Notebooks]
2022-12-21 11:12:540 INFO  HomePage :74 - Select show all Laptops & Notebooks from drop down[[[ChromeDriver: chrome on WINDOWS (28fde891e5d66164e862ead9831c7cb8)] -> link text: Show All Laptops & Notebooks]]
2022-12-21 11:12:335 INFO  HomePage :79 - Hover the mouse on Components tab and click[[ChromeDriver: chrome on WINDOWS (6309ed8af544b6e7ba7a904d4f86cfd3)] -> link text: Components]
2022-12-21 11:12:508 INFO  HomePage :84 - Select show all Components from drop down[[[ChromeDriver: chrome on WINDOWS (6309ed8af544b6e7ba7a904d4f86cfd3)] -> link text: Show All Components]]
2022-12-21 11:12:962 INFO  ComponentsPage :19 - Verify the Components page name[[ChromeDriver: chrome on WINDOWS (6309ed8af544b6e7ba7a904d4f86cfd3)] -> xpath: //h2[contains(text(),'Components')]]
