2022-12-21 11:12:387 INFO  HomePage :109 - Click on My Account link[[ChromeDriver: chrome on WINDOWS (4050d93bbfbf29de90b4505b0a86118c)] -> xpath: //span[contains(text(),'My Account')]]
2022-12-21 11:12:159 INFO  RegisterPage :63 - Enter the first name in the First name field[[ChromeDriver: chrome on WINDOWS (4050d93bbfbf29de90b4505b0a86118c)] -> id: input-firstname]
2022-12-21 11:12:234 INFO  RegisterPage :68 - Enter the last name in the last name field[[ChromeDriver: chrome on WINDOWS (4050d93bbfbf29de90b4505b0a86118c)] -> id: input-lastname]
2022-12-21 11:12:304 INFO  RegisterPage :73 - Enter the email address in the email address field[[ChromeDriver: chrome on WINDOWS (4050d93bbfbf29de90b4505b0a86118c)] -> id: input-email]
2022-12-21 11:12:397 INFO  RegisterPage :78 - Enter the Telephone no in the Phone no field[[ChromeDriver: chrome on WINDOWS (4050d93bbfbf29de90b4505b0a86118c)] -> id: input-telephone]
2022-12-21 11:12:478 INFO  RegisterPage :83 - Enter the password in the Password field[[ChromeDriver: chrome on WINDOWS (4050d93bbfbf29de90b4505b0a86118c)] -> id: input-password]
2022-12-21 11:12:561 INFO  RegisterPage :88 - Enter the confirm password in the Confirm Password field[[ChromeDriver: chrome on WINDOWS (4050d93bbfbf29de90b4505b0a86118c)] -> id: input-confirm]
2022-12-21 11:12:644 INFO  RegisterPage :93 - Select the Radio button to subscribe[[[ChromeDriver: chrome on WINDOWS (4050d93bbfbf29de90b4505b0a86118c)] -> xpath: //fieldset[3]//input], [[ChromeDriver: chrome on WINDOWS (4050d93bbfbf29de90b4505b0a86118c)] -> xpath: //fieldset[3]//input]]
2022-12-21 11:12:687 INFO  RegisterPage :104 - Click on privacy policy checkbox[[ChromeDriver: chrome on WINDOWS (4050d93bbfbf29de90b4505b0a86118c)] -> xpath: //div[@class = 'buttons']//input[@name='agree']]
2022-12-21 11:12:745 INFO  RegisterPage :109 - Click on continue ToRegister[[ChromeDriver: chrome on WINDOWS (4050d93bbfbf29de90b4505b0a86118c)] -> xpath: //div[@class = 'buttons']//input[@value='Continue']]
2022-12-21 11:12:420 INFO  AccountPage :40 - Click on continue to navigate to the account[[ChromeDriver: chrome on WINDOWS (4050d93bbfbf29de90b4505b0a86118c)] -> xpath: //a[contains(text(),'Continue')]]
2022-12-21 11:12:749 INFO  HomePage :109 - Click on My Account link[[ChromeDriver: chrome on WINDOWS (4050d93bbfbf29de90b4505b0a86118c)] -> xpath: //span[contains(text(),'My Account')]]
2022-12-21 11:12:426 INFO  AccountPage :50 - Click on continue to navigate to the homepage[[ChromeDriver: chrome on WINDOWS (4050d93bbfbf29de90b4505b0a86118c)] -> xpath: //a[contains(text(),'Continue')]]
2022-12-21 11:12:816 INFO  HomePage :109 - Click on My Account link[[ChromeDriver: chrome on WINDOWS (4050d93bbfbf29de90b4505b0a86118c)] -> xpath: //span[contains(text(),'My Account')]]
2022-12-21 11:12:338 INFO  LoginPage :36 - Enter the email address in the email address field[[ChromeDriver: chrome on WINDOWS (4050d93bbfbf29de90b4505b0a86118c)] -> id: input-email]
2022-12-21 11:12:445 INFO  LoginPage :41 - Enter the password in the password field[[ChromeDriver: chrome on WINDOWS (4050d93bbfbf29de90b4505b0a86118c)] -> id: input-password]
2022-12-21 11:12:513 INFO  LoginPage :46 - Click on the Login button[[ChromeDriver: chrome on WINDOWS (4050d93bbfbf29de90b4505b0a86118c)] -> xpath: //form[contains(@action,'login')]//input[@type='submit']]
2022-12-21 11:12:69 INFO  AccountPage :55 - Verify My Account page name[[ChromeDriver: chrome on WINDOWS (4050d93bbfbf29de90b4505b0a86118c)] -> xpath: //h2[contains(text(),'My Account')]]
2022-12-21 11:12:110 INFO  HomePage :109 - Click on My Account link[[ChromeDriver: chrome on WINDOWS (4050d93bbfbf29de90b4505b0a86118c)] -> xpath: //span[contains(text(),'My Account')]]
2022-12-21 11:12:781 INFO  AccountPage :45 - Verify Account is Logged out Text[[ChromeDriver: chrome on WINDOWS (4050d93bbfbf29de90b4505b0a86118c)] -> xpath: //h1[contains(text(),'Account Logout')]]
2022-12-21 11:12:825 INFO  AccountPage :50 - Click on continue to navigate to the homepage[[ChromeDriver: chrome on WINDOWS (4050d93bbfbf29de90b4505b0a86118c)] -> xpath: //a[contains(text(),'Continue')]]
2022-12-21 11:12:578 INFO  HomePage :89 - Click on currency tab[[ChromeDriver: chrome on WINDOWS (bf7234e096a65f145ce8498f411ca10c)] -> xpath: //span[contains(text(),'Currency')]]
2022-12-21 11:12:591 INFO  HomePage :90 - Change the currency[[[ChromeDriver: chrome on WINDOWS (bf7234e096a65f145ce8498f411ca10c)] -> xpath: //ul[@class = 'dropdown-menu']/li], [[ChromeDriver: chrome on WINDOWS (bf7234e096a65f145ce8498f411ca10c)] -> xpath: //ul[@class = 'dropdown-menu']/li], [[ChromeDriver: chrome on WINDOWS (bf7234e096a65f145ce8498f411ca10c)] -> xpath: //ul[@class = 'dropdown-menu']/li]]
2022-12-21 11:12:280 INFO  HomePage :59 - Hover the mouse on Desktops tab and click[[ChromeDriver: chrome on WINDOWS (bf7234e096a65f145ce8498f411ca10c)] -> link text: Desktops]
2022-12-21 11:12:494 INFO  HomePage :64 - Select show all desktops from drop down[[[ChromeDriver: chrome on WINDOWS (bf7234e096a65f145ce8498f411ca10c)] -> link text: Show All Desktops]]
2022-12-21 11:12:787 INFO  DesktopPage :100 - Select Hp product[[ChromeDriver: chrome on WINDOWS (bf7234e096a65f145ce8498f411ca10c)] -> xpath: //a[contains(text(),'HP LP3065')]]
2022-12-21 11:12:977 INFO  DesktopPage :105 - Verify the name of the Hp product[[ChromeDriver: chrome on WINDOWS (bf7234e096a65f145ce8498f411ca10c)] -> xpath: //h1[contains(text(),'HP LP3065')]]
2022-12-21 11:12:13 INFO  DesktopPage :110 - Click on calendar to select date[[ChromeDriver: chrome on WINDOWS (bf7234e096a65f145ce8498f411ca10c)] -> xpath: //div[@class = 'input-group date']//button]
2022-12-21 11:12:32 INFO  DesktopPage :111 - Click on month year tag[[ChromeDriver: chrome on WINDOWS (bf7234e096a65f145ce8498f411ca10c)] -> xpath: //div[@class = 'datepicker']/div[1]//th[@class='picker-switch']]
2022-12-21 11:12:43 INFO  DesktopPage :112 - Click on next arrow to select month and year[[ChromeDriver: chrome on WINDOWS (bf7234e096a65f145ce8498f411ca10c)] -> xpath: //div[@class = 'datepicker']/div[1]//th[@class='next']]
2022-12-21 11:12:57 INFO  DesktopPage :113 - Select dates to pick the date of choice[[[ChromeDriver: chrome on WINDOWS (bf7234e096a65f145ce8498f411ca10c)] -> xpath: //div[@class = 'datepicker']/div[1]//tbody/tr/td[@class = 'day']], [[ChromeDriver: chrome on WINDOWS (bf7234e096a65f145ce8498f411ca10c)] -> xpath: //div[@class = 'datepicker']/div[1]//tbody/tr/td[@class = 'day']], [[ChromeDriver: chrome on WINDOWS (bf7234e096a65f145ce8498f411ca10c)] -> xpath: //div[@class = 'datepicker']/div[1]//tbody/tr/td[@class = 'day']], [[ChromeDriver: chrome on WINDOWS (bf7234e096a65f145ce8498f411ca10c)] -> xpath: //div[@class = 'datepicker']/div[1]//tbody/tr/td[@class = 'day']], [[ChromeDriver: chrome on WINDOWS (bf7234e096a65f145ce8498f411ca10c)] -> xpath: //div[@class = 'datepicker']/div[1]//tbody/tr/td[@class = 'day']], [[ChromeDriver: chrome on WINDOWS (bf7234e096a65f145ce8498f411ca10c)] -> xpath: //div[@class = 'datepicker']/div[1]//tbody/tr/td[@class = 'day']], [[ChromeDriver: chrome on WINDOWS (bf7234e096a65f145ce8498f411ca10c)] -> xpath: //div[@class = 'datepicker']/div[1]//tbody/tr/td[@class = 'day']], [[ChromeDriver: chrome on WINDOWS (bf7234e096a65f145ce8498f411ca10c)] -> xpath: //div[@class = 'datepicker']/div[1]//tbody/tr/td[@class = 'day']], [[ChromeDriver: chrome on WINDOWS (bf7234e096a65f145ce8498f411ca10c)] -> xpath: //div[@class = 'datepicker']/div[1]//tbody/tr/td[@class = 'day']], [[ChromeDriver: chrome on WINDOWS (bf7234e096a65f145ce8498f411ca10c)] -> xpath: //div[@class = 'datepicker']/div[1]//tbody/tr/td[@class = 'day']], [[ChromeDriver: chrome on WINDOWS (bf7234e096a65f145ce8498f411ca10c)] -> xpath: //div[@class = 'datepicker']/div[1]//tbody/tr/td[@class = 'day']], [[ChromeDriver: chrome on WINDOWS (bf7234e096a65f145ce8498f411ca10c)] -> xpath: //div[@class = 'datepicker']/div[1]//tbody/tr/td[@class = 'day']], [[ChromeDriver: chrome on WINDOWS (bf7234e096a65f145ce8498f411ca10c)] -> xpath: //div[@class = 'datepicker']/div[1]//tbody/tr/td[@class = 'day']], [[ChromeDriver: chrome on WINDOWS (bf7234e096a65f145ce8498f411ca10c)] -> xpath: //div[@class = 'datepicker']/div[1]//tbody/tr/td[@class = 'day']], [[ChromeDriver: chrome on WINDOWS (bf7234e096a65f145ce8498f411ca10c)] -> xpath: //div[@class = 'datepicker']/div[1]//tbody/tr/td[@class = 'day']], [[ChromeDriver: chrome on WINDOWS (bf7234e096a65f145ce8498f411ca10c)] -> xpath: //div[@class = 'datepicker']/div[1]//tbody/tr/td[@class = 'day']], [[ChromeDriver: chrome on WINDOWS (bf7234e096a65f145ce8498f411ca10c)] -> xpath: //div[@class = 'datepicker']/div[1]//tbody/tr/td[@class = 'day']], [[ChromeDriver: chrome on WINDOWS (bf7234e096a65f145ce8498f411ca10c)] -> xpath: //div[@class = 'datepicker']/div[1]//tbody/tr/td[@class = 'day']], [[ChromeDriver: chrome on WINDOWS (bf7234e096a65f145ce8498f411ca10c)] -> xpath: //div[@class = 'datepicker']/div[1]//tbody/tr/td[@class = 'day']], [[ChromeDriver: chrome on WINDOWS (bf7234e096a65f145ce8498f411ca10c)] -> xpath: //div[@class = 'datepicker']/div[1]//tbody/tr/td[@class = 'day']], [[ChromeDriver: chrome on WINDOWS (bf7234e096a65f145ce8498f411ca10c)] -> xpath: //div[@class = 'datepicker']/div[1]//tbody/tr/td[@class = 'day']], [[ChromeDriver: chrome on WINDOWS (bf7234e096a65f145ce8498f411ca10c)] -> xpath: //div[@class = 'datepicker']/div[1]//tbody/tr/td[@class = 'day']], [[ChromeDriver: chrome on WINDOWS (bf7234e096a65f145ce8498f411ca10c)] -> xpath: //div[@class = 'datepicker']/div[1]//tbody/tr/td[@class = 'day']], [[ChromeDriver: chrome on WINDOWS (bf7234e096a65f145ce8498f411ca10c)] -> xpath: //div[@class = 'datepicker']/div[1]//tbody/tr/td[@class = 'day']], [[ChromeDriver: chrome on WINDOWS (bf7234e096a65f145ce8498f411ca10c)] -> xpath: //div[@class = 'datepicker']/div[1]//tbody/tr/td[@class = 'day']], [[ChromeDriver: chrome on WINDOWS (bf7234e096a65f145ce8498f411ca10c)] -> xpath: //div[@class = 'datepicker']/div[1]//tbody/tr/td[@class = 'day']], [[ChromeDriver: chrome on WINDOWS (bf7234e096a65f145ce8498f411ca10c)] -> xpath: //div[@class = 'datepicker']/div[1]//tbody/tr/td[@class = 'day']], [[ChromeDriver: chrome on WINDOWS (bf7234e096a65f145ce8498f411ca10c)] -> xpath: //div[@class = 'datepicker']/div[1]//tbody/tr/td[@class = 'day']], [[ChromeDriver: chrome on WINDOWS (bf7234e096a65f145ce8498f411ca10c)] -> xpath: //div[@class = 'datepicker']/div[1]//tbody/tr/td[@class = 'day']]]
2022-12-21 11:12:582 INFO  DesktopPage :137 - Click on add to cart[[ChromeDriver: chrome on WINDOWS (bf7234e096a65f145ce8498f411ca10c)] -> xpath: //button[@id='button-cart']]
2022-12-21 11:12:16 INFO  DesktopPage :142 - Verify Message confirming product added to shopping cart[[ChromeDriver: chrome on WINDOWS (bf7234e096a65f145ce8498f411ca10c)] -> css selector: body:nth-child(2) div.container:nth-child(4) > div.alert.alert-success.alert-dismissible]
2022-12-21 11:12:53 INFO  ShoppingCartPage :64 - Click on the shopping cart link in the success message[[ChromeDriver: chrome on WINDOWS (bf7234e096a65f145ce8498f411ca10c)] -> xpath: //a[contains(text(),'shopping cart')]]
2022-12-21 11:12:565 INFO  ShoppingCartPage :59 - Verify shopping cart page name[[ChromeDriver: chrome on WINDOWS (bf7234e096a65f145ce8498f411ca10c)] -> xpath: //div[@id='content']//h1]
2022-12-21 11:12:615 INFO  ShoppingCartPage :69 - Verify Hp product name[[ChromeDriver: chrome on WINDOWS (bf7234e096a65f145ce8498f411ca10c)] -> xpath: //div[@class = 'table-responsive']/table/tbody/tr/td[2]/a]
2022-12-21 11:12:646 INFO  ShoppingCartPage :74 - Verify the delivery date[[ChromeDriver: chrome on WINDOWS (bf7234e096a65f145ce8498f411ca10c)] -> xpath: //small[contains(text(),'Delivery Date: 2023-11-30')]]
2022-12-21 11:12:674 INFO  ShoppingCartPage :79 - Verify the Model of the selected product[[ChromeDriver: chrome on WINDOWS (bf7234e096a65f145ce8498f411ca10c)] -> xpath: //div[@class = 'table-responsive']/table/tbody/tr/td[3]]
2022-12-21 11:12:700 INFO  ShoppingCartPage :84 - Verify the total amount in the cart[[ChromeDriver: chrome on WINDOWS (bf7234e096a65f145ce8498f411ca10c)] -> xpath: //div[@class = 'table-responsive']/table/tbody/tr/td[6]]
2022-12-21 11:12:930 INFO  HomePage :89 - Click on currency tab[[ChromeDriver: chrome on WINDOWS (51219f899776aff905a813c7dc17109a)] -> xpath: //span[contains(text(),'Currency')]]
2022-12-21 11:12:946 INFO  HomePage :90 - Change the currency[[[ChromeDriver: chrome on WINDOWS (51219f899776aff905a813c7dc17109a)] -> xpath: //ul[@class = 'dropdown-menu']/li], [[ChromeDriver: chrome on WINDOWS (51219f899776aff905a813c7dc17109a)] -> xpath: //ul[@class = 'dropdown-menu']/li], [[ChromeDriver: chrome on WINDOWS (51219f899776aff905a813c7dc17109a)] -> xpath: //ul[@class = 'dropdown-menu']/li]]
2022-12-21 11:12:639 INFO  HomePage :69 - Hover the mouse on Laptops & Notebooks tab and click[[ChromeDriver: chrome on WINDOWS (51219f899776aff905a813c7dc17109a)] -> link text: Laptops & Notebooks]
2022-12-21 11:12:832 INFO  HomePage :74 - Select show all Laptops & Notebooks from drop down[[[ChromeDriver: chrome on WINDOWS (51219f899776aff905a813c7dc17109a)] -> link text: Show All Laptops & Notebooks]]
2022-12-21 11:12:441 INFO  LaptopsAndNotebooksPage :80 - Select the sort by price tab[[ChromeDriver: chrome on WINDOWS (51219f899776aff905a813c7dc17109a)] -> id: input-sort]
2022-12-21 11:12:877 INFO  LaptopsAndNotebooksPage :85 - Click on the MacBook product[[ChromeDriver: chrome on WINDOWS (51219f899776aff905a813c7dc17109a)] -> link text: MacBook]
2022-12-21 11:12:59 INFO  LaptopsAndNotebooksPage :90 - Verify the MacBook product name[[ChromeDriver: chrome on WINDOWS (51219f899776aff905a813c7dc17109a)] -> xpath: //h1[contains(text(),'MacBook')]]
2022-12-21 11:12:92 INFO  LaptopsAndNotebooksPage :95 - Click on add to cart button[[ChromeDriver: chrome on WINDOWS (51219f899776aff905a813c7dc17109a)] -> xpath: //button[@id='button-cart']]
2022-12-21 11:12:355 INFO  LaptopsAndNotebooksPage :100 - Verify the product has been added to the cart[[ChromeDriver: chrome on WINDOWS (51219f899776aff905a813c7dc17109a)] -> css selector: body:nth-child(2) div.container:nth-child(4) > div.alert.alert-success.alert-dismissible]
2022-12-21 11:12:387 INFO  ShoppingCartPage :64 - Click on the shopping cart link in the success message[[ChromeDriver: chrome on WINDOWS (51219f899776aff905a813c7dc17109a)] -> xpath: //a[contains(text(),'shopping cart')]]
2022-12-21 11:12:792 INFO  ShoppingCartPage :59 - Verify shopping cart page name[[ChromeDriver: chrome on WINDOWS (51219f899776aff905a813c7dc17109a)] -> xpath: //div[@id='content']//h1]
2022-12-21 11:12:826 INFO  ShoppingCartPage :89 - Verify the MacBook product name[[ChromeDriver: chrome on WINDOWS (51219f899776aff905a813c7dc17109a)] -> xpath: //div[@class = 'table-responsive']/table/tbody/tr/td[2]/a]
2022-12-21 11:12:865 INFO  ShoppingCartPage :94 - Change the quantity of product to two in the cart[[ChromeDriver: chrome on WINDOWS (51219f899776aff905a813c7dc17109a)] -> xpath: //div[@class = 'table-responsive']/table/tbody/tr/td[3]]
2022-12-21 11:12:979 INFO  ShoppingCartPage :100 - Click to update the Quantity[[ChromeDriver: chrome on WINDOWS (51219f899776aff905a813c7dc17109a)] -> xpath: //button[contains(@data-original-title, 'Update')]]
2022-12-21 11:12:495 INFO  ShoppingCartPage :105 - Verify the quantity has been updated message[[ChromeDriver: chrome on WINDOWS (51219f899776aff905a813c7dc17109a)] -> xpath: //div[@id='checkout-cart']/div[1]]
2022-12-21 11:12:547 INFO  ShoppingCartPage :84 - Verify the total amount in the cart[[ChromeDriver: chrome on WINDOWS (51219f899776aff905a813c7dc17109a)] -> xpath: //div[@class = 'table-responsive']/table/tbody/tr/td[6]]
2022-12-21 11:12:575 INFO  ShoppingCartPage :110 - Click on checkout button[[ChromeDriver: chrome on WINDOWS (51219f899776aff905a813c7dc17109a)] -> xpath: //a[contains(text(),'Checkout')]]
2022-12-21 11:12:954 INFO  CheckOutPage :87 - Verify Checkout page name[[ChromeDriver: chrome on WINDOWS (51219f899776aff905a813c7dc17109a)] -> xpath: //h1[contains(text(),'Checkout')]]
2022-12-21 11:12:36 INFO  CheckOutPage :92 - Verify New Customer Text[[ChromeDriver: chrome on WINDOWS (51219f899776aff905a813c7dc17109a)] -> xpath: //h2[contains(text(),'New Customer')]]
2022-12-21 11:12:85 INFO  CheckOutPage :97 - Click on Guest Checkout Radio button[[ChromeDriver: chrome on WINDOWS (51219f899776aff905a813c7dc17109a)] -> xpath: //input[@value= 'guest']]
2022-12-21 11:12:136 INFO  CheckOutPage :102 - Click on New customer continue button[[ChromeDriver: chrome on WINDOWS (51219f899776aff905a813c7dc17109a)] -> id: button-account]
2022-12-21 11:12:408 INFO  CheckOutPage :107 - Enter first name in the first name field[[ChromeDriver: chrome on WINDOWS (51219f899776aff905a813c7dc17109a)] -> css selector: #input-payment-firstname]
2022-12-21 11:12:513 INFO  CheckOutPage :112 - Enter last name in the last name field[[ChromeDriver: chrome on WINDOWS (51219f899776aff905a813c7dc17109a)] -> css selector: #input-payment-lastname]
2022-12-21 11:12:765 INFO  CheckOutPage :117 - Enter first email in the email address field[[ChromeDriver: chrome on WINDOWS (51219f899776aff905a813c7dc17109a)] -> css selector: #input-payment-email]
2022-12-21 11:12:898 INFO  CheckOutPage :122 - Enter phone no in the phone no field[[ChromeDriver: chrome on WINDOWS (51219f899776aff905a813c7dc17109a)] -> css selector: #input-payment-telephone]
2022-12-21 11:12:979 INFO  CheckOutPage :127 - Enter first line of address in the address line 1 field[[ChromeDriver: chrome on WINDOWS (51219f899776aff905a813c7dc17109a)] -> css selector: #input-payment-address-1]
2022-12-21 11:12:79 INFO  CheckOutPage :132 - Enter city in the city name field[[ChromeDriver: chrome on WINDOWS (51219f899776aff905a813c7dc17109a)] -> css selector: #input-payment-city]
2022-12-21 11:12:176 INFO  CheckOutPage :137 - Enter post code in the post code field[[ChromeDriver: chrome on WINDOWS (51219f899776aff905a813c7dc17109a)] -> css selector: #input-payment-postcode]
2022-12-21 11:12:255 INFO  CheckOutPage :142 - Select country from the country field drop down menu[[ChromeDriver: chrome on WINDOWS (51219f899776aff905a813c7dc17109a)] -> xpath: //select[@id='input-payment-country']]
2022-12-21 11:12:320 INFO  CheckOutPage :147 - Select region from the region field drop down menu[[ChromeDriver: chrome on WINDOWS (51219f899776aff905a813c7dc17109a)] -> xpath: //select[@id='input-payment-zone']]
2022-12-21 11:12:409 INFO  CheckOutPage :152 - Click on continue as guest button[[ChromeDriver: chrome on WINDOWS (51219f899776aff905a813c7dc17109a)] -> css selector: #button-guest]
2022-12-21 11:12:845 INFO  CheckOutPage :157 - Enter comments in About your order box[[ChromeDriver: chrome on WINDOWS (51219f899776aff905a813c7dc17109a)] -> xpath: //textarea[@name = 'comment']]
2022-12-21 11:12:992 INFO  CheckOutPage :162 - Click on Terms and conditions checkbox[[ChromeDriver: chrome on WINDOWS (51219f899776aff905a813c7dc17109a)] -> xpath: //input[@type= 'checkbox']]
2022-12-21 11:12:56 INFO  CheckOutPage :167 - Click on continue button to proceed to payment[[ChromeDriver: chrome on WINDOWS (51219f899776aff905a813c7dc17109a)] -> css selector: #button-payment-method]
2022-12-21 11:12:320 INFO  CheckOutPage :172 - Verify payment warning message[[ChromeDriver: chrome on WINDOWS (51219f899776aff905a813c7dc17109a)] -> xpath: //div[@class='alert alert-danger alert-dismissible']]
2022-12-21 11:12:505 INFO  HomePage :109 - Click on My Account link[[ChromeDriver: chrome on WINDOWS (ac3178ea6449608723183120c20ede5c)] -> xpath: //span[contains(text(),'My Account')]]
2022-12-21 11:12:406 INFO  RegisterPage :63 - Enter the first name in the First name field[[ChromeDriver: chrome on WINDOWS (ac3178ea6449608723183120c20ede5c)] -> id: input-firstname]
2022-12-21 11:12:490 INFO  RegisterPage :68 - Enter the last name in the last name field[[ChromeDriver: chrome on WINDOWS (ac3178ea6449608723183120c20ede5c)] -> id: input-lastname]
2022-12-21 11:12:570 INFO  RegisterPage :73 - Enter the email address in the email address field[[ChromeDriver: chrome on WINDOWS (ac3178ea6449608723183120c20ede5c)] -> id: input-email]
2022-12-21 11:12:654 INFO  RegisterPage :78 - Enter the Telephone no in the Phone no field[[ChromeDriver: chrome on WINDOWS (ac3178ea6449608723183120c20ede5c)] -> id: input-telephone]
2022-12-21 11:12:727 INFO  RegisterPage :83 - Enter the password in the Password field[[ChromeDriver: chrome on WINDOWS (ac3178ea6449608723183120c20ede5c)] -> id: input-password]
2022-12-21 11:12:808 INFO  RegisterPage :88 - Enter the confirm password in the Confirm Password field[[ChromeDriver: chrome on WINDOWS (ac3178ea6449608723183120c20ede5c)] -> id: input-confirm]
2022-12-21 11:12:884 INFO  RegisterPage :93 - Select the Radio button to subscribe[[[ChromeDriver: chrome on WINDOWS (ac3178ea6449608723183120c20ede5c)] -> xpath: //fieldset[3]//input], [[ChromeDriver: chrome on WINDOWS (ac3178ea6449608723183120c20ede5c)] -> xpath: //fieldset[3]//input]]
2022-12-21 11:12:922 INFO  RegisterPage :104 - Click on privacy policy checkbox[[ChromeDriver: chrome on WINDOWS (ac3178ea6449608723183120c20ede5c)] -> xpath: //div[@class = 'buttons']//input[@name='agree']]
2022-12-21 11:12:980 INFO  RegisterPage :109 - Click on continue ToRegister[[ChromeDriver: chrome on WINDOWS (ac3178ea6449608723183120c20ede5c)] -> xpath: //div[@class = 'buttons']//input[@value='Continue']]
2022-12-21 11:12:575 INFO  AccountPage :35 - Verify Account is Created Text[[ChromeDriver: chrome on WINDOWS (ac3178ea6449608723183120c20ede5c)] -> xpath: //h1[contains(text(),'Your Account Has Been Created!')]]
2022-12-21 11:12:617 INFO  AccountPage :40 - Click on continue to navigate to the account[[ChromeDriver: chrome on WINDOWS (ac3178ea6449608723183120c20ede5c)] -> xpath: //a[contains(text(),'Continue')]]
2022-12-21 11:12:954 INFO  HomePage :109 - Click on My Account link[[ChromeDriver: chrome on WINDOWS (ac3178ea6449608723183120c20ede5c)] -> xpath: //span[contains(text(),'My Account')]]
2022-12-21 11:12:592 INFO  AccountPage :45 - Verify Account is Logged out Text[[ChromeDriver: chrome on WINDOWS (ac3178ea6449608723183120c20ede5c)] -> xpath: //h1[contains(text(),'Account Logout')]]
2022-12-21 11:12:632 INFO  AccountPage :50 - Click on continue to navigate to the homepage[[ChromeDriver: chrome on WINDOWS (ac3178ea6449608723183120c20ede5c)] -> xpath: //a[contains(text(),'Continue')]]
2022-12-21 11:12:326 INFO  HomePage :69 - Hover the mouse on Laptops & Notebooks tab and click[[ChromeDriver: chrome on WINDOWS (d125f2cb703dca6247186fe3573c65db)] -> link text: Laptops & Notebooks]
2022-12-21 11:12:515 INFO  HomePage :74 - Select show all Laptops & Notebooks from drop down[[[ChromeDriver: chrome on WINDOWS (d125f2cb703dca6247186fe3573c65db)] -> link text: Show All Laptops & Notebooks]]
2022-12-21 11:12:413 INFO  HomePage :109 - Click on My Account link[[ChromeDriver: chrome on WINDOWS (1c0968287f9df80a6ad1a3a632300819)] -> xpath: //span[contains(text(),'My Account')]]
2022-12-21 11:12:898 INFO  LoginPage :31 - Verify the Login Page name[[ChromeDriver: chrome on WINDOWS (1c0968287f9df80a6ad1a3a632300819)] -> xpath: //h2[contains(text(),'Returning Customer')]]
2022-12-21 11:12:145 INFO  HomePage :59 - Hover the mouse on Desktops tab and click[[ChromeDriver: chrome on WINDOWS (f76ef0f2b54fe3c45e760b94f88481c4)] -> link text: Desktops]
2022-12-21 11:12:326 INFO  HomePage :64 - Select show all desktops from drop down[[[ChromeDriver: chrome on WINDOWS (f76ef0f2b54fe3c45e760b94f88481c4)] -> link text: Show All Desktops]]
2022-12-21 11:12:118 INFO  DesktopPage :69 - Get a list of all products listed under desktops[[[ChromeDriver: chrome on WINDOWS (f76ef0f2b54fe3c45e760b94f88481c4)] -> xpath: //h4/a], [[ChromeDriver: chrome on WINDOWS (f76ef0f2b54fe3c45e760b94f88481c4)] -> xpath: //h4/a], [[ChromeDriver: chrome on WINDOWS (f76ef0f2b54fe3c45e760b94f88481c4)] -> xpath: //h4/a], [[ChromeDriver: chrome on WINDOWS (f76ef0f2b54fe3c45e760b94f88481c4)] -> xpath: //h4/a], [[ChromeDriver: chrome on WINDOWS (f76ef0f2b54fe3c45e760b94f88481c4)] -> xpath: //h4/a], [[ChromeDriver: chrome on WINDOWS (f76ef0f2b54fe3c45e760b94f88481c4)] -> xpath: //h4/a], [[ChromeDriver: chrome on WINDOWS (f76ef0f2b54fe3c45e760b94f88481c4)] -> xpath: //h4/a], [[ChromeDriver: chrome on WINDOWS (f76ef0f2b54fe3c45e760b94f88481c4)] -> xpath: //h4/a], [[ChromeDriver: chrome on WINDOWS (f76ef0f2b54fe3c45e760b94f88481c4)] -> xpath: //h4/a], [[ChromeDriver: chrome on WINDOWS (f76ef0f2b54fe3c45e760b94f88481c4)] -> xpath: //h4/a], [[ChromeDriver: chrome on WINDOWS (f76ef0f2b54fe3c45e760b94f88481c4)] -> xpath: //h4/a], [[ChromeDriver: chrome on WINDOWS (f76ef0f2b54fe3c45e760b94f88481c4)] -> xpath: //h4/a]]
2022-12-21 11:12:290 INFO  DesktopPage :69 - Get a list of all products listed under desktops[[[ChromeDriver: chrome on WINDOWS (f76ef0f2b54fe3c45e760b94f88481c4)] -> xpath: //h4/a], [[ChromeDriver: chrome on WINDOWS (f76ef0f2b54fe3c45e760b94f88481c4)] -> xpath: //h4/a], [[ChromeDriver: chrome on WINDOWS (f76ef0f2b54fe3c45e760b94f88481c4)] -> xpath: //h4/a], [[ChromeDriver: chrome on WINDOWS (f76ef0f2b54fe3c45e760b94f88481c4)] -> xpath: //h4/a], [[ChromeDriver: chrome on WINDOWS (f76ef0f2b54fe3c45e760b94f88481c4)] -> xpath: //h4/a], [[ChromeDriver: chrome on WINDOWS (f76ef0f2b54fe3c45e760b94f88481c4)] -> xpath: //h4/a], [[ChromeDriver: chrome on WINDOWS (f76ef0f2b54fe3c45e760b94f88481c4)] -> xpath: //h4/a], [[ChromeDriver: chrome on WINDOWS (f76ef0f2b54fe3c45e760b94f88481c4)] -> xpath: //h4/a], [[ChromeDriver: chrome on WINDOWS (f76ef0f2b54fe3c45e760b94f88481c4)] -> xpath: //h4/a], [[ChromeDriver: chrome on WINDOWS (f76ef0f2b54fe3c45e760b94f88481c4)] -> xpath: //h4/a], [[ChromeDriver: chrome on WINDOWS (f76ef0f2b54fe3c45e760b94f88481c4)] -> xpath: //h4/a], [[ChromeDriver: chrome on WINDOWS (f76ef0f2b54fe3c45e760b94f88481c4)] -> xpath: //h4/a]]
2022-12-21 11:12:412 INFO  DesktopPage :69 - Get a list of all products listed under desktops[[[ChromeDriver: chrome on WINDOWS (f76ef0f2b54fe3c45e760b94f88481c4)] -> xpath: //h4/a], [[ChromeDriver: chrome on WINDOWS (f76ef0f2b54fe3c45e760b94f88481c4)] -> xpath: //h4/a], [[ChromeDriver: chrome on WINDOWS (f76ef0f2b54fe3c45e760b94f88481c4)] -> xpath: //h4/a], [[ChromeDriver: chrome on WINDOWS (f76ef0f2b54fe3c45e760b94f88481c4)] -> xpath: //h4/a], [[ChromeDriver: chrome on WINDOWS (f76ef0f2b54fe3c45e760b94f88481c4)] -> xpath: //h4/a], [[ChromeDriver: chrome on WINDOWS (f76ef0f2b54fe3c45e760b94f88481c4)] -> xpath: //h4/a], [[ChromeDriver: chrome on WINDOWS (f76ef0f2b54fe3c45e760b94f88481c4)] -> xpath: //h4/a], [[ChromeDriver: chrome on WINDOWS (f76ef0f2b54fe3c45e760b94f88481c4)] -> xpath: //h4/a], [[ChromeDriver: chrome on WINDOWS (f76ef0f2b54fe3c45e760b94f88481c4)] -> xpath: //h4/a], [[ChromeDriver: chrome on WINDOWS (f76ef0f2b54fe3c45e760b94f88481c4)] -> xpath: //h4/a], [[ChromeDriver: chrome on WINDOWS (f76ef0f2b54fe3c45e760b94f88481c4)] -> xpath: //h4/a], [[ChromeDriver: chrome on WINDOWS (f76ef0f2b54fe3c45e760b94f88481c4)] -> xpath: //h4/a]]
2022-12-21 11:12:528 INFO  DesktopPage :81 - Get a list of all products listed under desktops by Name Z to A[[[ChromeDriver: chrome on WINDOWS (f76ef0f2b54fe3c45e760b94f88481c4)] -> xpath: //h4/a], [[ChromeDriver: chrome on WINDOWS (f76ef0f2b54fe3c45e760b94f88481c4)] -> xpath: //h4/a], [[ChromeDriver: chrome on WINDOWS (f76ef0f2b54fe3c45e760b94f88481c4)] -> xpath: //h4/a], [[ChromeDriver: chrome on WINDOWS (f76ef0f2b54fe3c45e760b94f88481c4)] -> xpath: //h4/a], [[ChromeDriver: chrome on WINDOWS (f76ef0f2b54fe3c45e760b94f88481c4)] -> xpath: //h4/a], [[ChromeDriver: chrome on WINDOWS (f76ef0f2b54fe3c45e760b94f88481c4)] -> xpath: //h4/a], [[ChromeDriver: chrome on WINDOWS (f76ef0f2b54fe3c45e760b94f88481c4)] -> xpath: //h4/a], [[ChromeDriver: chrome on WINDOWS (f76ef0f2b54fe3c45e760b94f88481c4)] -> xpath: //h4/a], [[ChromeDriver: chrome on WINDOWS (f76ef0f2b54fe3c45e760b94f88481c4)] -> xpath: //h4/a], [[ChromeDriver: chrome on WINDOWS (f76ef0f2b54fe3c45e760b94f88481c4)] -> xpath: //h4/a], [[ChromeDriver: chrome on WINDOWS (f76ef0f2b54fe3c45e760b94f88481c4)] -> xpath: //h4/a], [[ChromeDriver: chrome on WINDOWS (f76ef0f2b54fe3c45e760b94f88481c4)] -> xpath: //h4/a]]
2022-12-21 11:12:13 INFO  HomePage :69 - Hover the mouse on Laptops & Notebooks tab and click[[ChromeDriver: chrome on WINDOWS (535c679ccc9ca044bbb3be8555797424)] -> link text: Laptops & Notebooks]
2022-12-21 11:12:187 INFO  HomePage :74 - Select show all Laptops & Notebooks from drop down[[[ChromeDriver: chrome on WINDOWS (535c679ccc9ca044bbb3be8555797424)] -> link text: Show All Laptops & Notebooks]]
2022-12-21 11:12:797 INFO  LaptopsAndNotebooksPage :54 - Get a list of all products listed under Laptops and Notebooks[[[ChromeDriver: chrome on WINDOWS (535c679ccc9ca044bbb3be8555797424)] -> xpath: //p[@class ='price']], [[ChromeDriver: chrome on WINDOWS (535c679ccc9ca044bbb3be8555797424)] -> xpath: //p[@class ='price']], [[ChromeDriver: chrome on WINDOWS (535c679ccc9ca044bbb3be8555797424)] -> xpath: //p[@class ='price']], [[ChromeDriver: chrome on WINDOWS (535c679ccc9ca044bbb3be8555797424)] -> xpath: //p[@class ='price']], [[ChromeDriver: chrome on WINDOWS (535c679ccc9ca044bbb3be8555797424)] -> xpath: //p[@class ='price']]]
2022-12-21 11:12:920 INFO  LaptopsAndNotebooksPage :54 - Get a list of all products listed under Laptops and Notebooks[[[ChromeDriver: chrome on WINDOWS (535c679ccc9ca044bbb3be8555797424)] -> xpath: //p[@class ='price']], [[ChromeDriver: chrome on WINDOWS (535c679ccc9ca044bbb3be8555797424)] -> xpath: //p[@class ='price']], [[ChromeDriver: chrome on WINDOWS (535c679ccc9ca044bbb3be8555797424)] -> xpath: //p[@class ='price']], [[ChromeDriver: chrome on WINDOWS (535c679ccc9ca044bbb3be8555797424)] -> xpath: //p[@class ='price']], [[ChromeDriver: chrome on WINDOWS (535c679ccc9ca044bbb3be8555797424)] -> xpath: //p[@class ='price']]]
2022-12-21 11:12:19 INFO  LaptopsAndNotebooksPage :67 - Get a list of all products listed under Laptops and Notebooks by price[[[ChromeDriver: chrome on WINDOWS (535c679ccc9ca044bbb3be8555797424)] -> xpath: //p[@class ='price']], [[ChromeDriver: chrome on WINDOWS (535c679ccc9ca044bbb3be8555797424)] -> xpath: //p[@class ='price']], [[ChromeDriver: chrome on WINDOWS (535c679ccc9ca044bbb3be8555797424)] -> xpath: //p[@class ='price']], [[ChromeDriver: chrome on WINDOWS (535c679ccc9ca044bbb3be8555797424)] -> xpath: //p[@class ='price']], [[ChromeDriver: chrome on WINDOWS (535c679ccc9ca044bbb3be8555797424)] -> xpath: //p[@class ='price']]]
2022-12-21 11:12:957 INFO  HomePage :109 - Click on My Account link[[ChromeDriver: chrome on WINDOWS (f02d5c9a926596a2d4221ad83d4ee258)] -> xpath: //span[contains(text(),'My Account')]]
2022-12-21 11:12:906 INFO  RegisterPage :58 - Verify the Register Page name[[ChromeDriver: chrome on WINDOWS (f02d5c9a926596a2d4221ad83d4ee258)] -> xpath: //h1[contains(text(),'Register Account')]]
2022-12-21 11:12:991 INFO  HomePage :59 - Hover the mouse on Desktops tab and click[[ChromeDriver: chrome on WINDOWS (4fe7454b5cc217cf700c8771f91935b1)] -> link text: Desktops]
2022-12-21 11:12:219 INFO  HomePage :64 - Select show all desktops from drop down[[[ChromeDriver: chrome on WINDOWS (4fe7454b5cc217cf700c8771f91935b1)] -> link text: Show All Desktops]]
2022-12-21 11:12:07 INFO  DesktopPage :64 - Verify the Desktop page name[[ChromeDriver: chrome on WINDOWS (4fe7454b5cc217cf700c8771f91935b1)] -> xpath: //h2[contains(text(),'Desktops')]]
